[0.009s] Invoking command in '/home/pravin-raj/assignment-ros2-c-service-server-Pravin-raj-03/build/ros2_service_server': CMAKE_PREFIX_PATH=${CMAKE_PREFIX_PATH}:/opt/ros/jazzy DEBUGINFOD_URLS=https://debuginfod.ubuntu.com /usr/bin/cmake /home/pravin-raj/assignment-ros2-c-service-server-Pravin-raj-03 -DCMAKE_INSTALL_PREFIX=/home/pravin-raj/assignment-ros2-c-service-server-Pravin-raj-03/install/ros2_service_server
[0.192s] -- The C compiler identification is GNU 13.3.0
[0.304s] -- The CXX compiler identification is GNU 13.3.0
[0.335s] -- Detecting C compiler ABI info
[0.466s] -- Detecting C compiler ABI info - done
[0.480s] -- Check for working C compiler: /usr/bin/cc - skipped
[0.481s] -- Detecting C compile features
[0.482s] -- Detecting C compile features - done
[0.496s] -- Detecting CXX compiler ABI info
[0.598s] -- Detecting CXX compiler ABI info - done
[0.605s] -- Check for working CXX compiler: /usr/bin/c++ - skipped
[0.605s] -- Detecting CXX compile features
[0.605s] -- Detecting CXX compile features - done
[0.611s] -- Found ament_cmake: 2.5.4 (/opt/ros/jazzy/share/ament_cmake/cmake)
[0.745s] -- Found Python3: /usr/bin/python3 (found version "3.12.3") found components: Interpreter 
[0.843s] -- Found rclcpp: 28.1.13 (/opt/ros/jazzy/share/rclcpp/cmake)
[0.884s] -- Found rosidl_generator_c: 4.6.6 (/opt/ros/jazzy/share/rosidl_generator_c/cmake)
[0.896s] -- Found rosidl_generator_cpp: 4.6.6 (/opt/ros/jazzy/share/rosidl_generator_cpp/cmake)
[0.912s] -- Using all available rosidl_typesupport_c: rosidl_typesupport_fastrtps_c;rosidl_typesupport_introspection_c
[0.930s] -- Using all available rosidl_typesupport_cpp: rosidl_typesupport_fastrtps_cpp;rosidl_typesupport_introspection_cpp
[0.999s] -- Found rmw_implementation_cmake: 7.3.2 (/opt/ros/jazzy/share/rmw_implementation_cmake/cmake)
[1.003s] -- Found rmw_fastrtps_cpp: 8.4.3 (/opt/ros/jazzy/share/rmw_fastrtps_cpp/cmake)
[1.109s] -- Found OpenSSL: /usr/lib/x86_64-linux-gnu/libcrypto.so (found version "3.0.13")  
[1.132s] -- Found FastRTPS: /opt/ros/jazzy/include (Required is at least version "2.13") 
[1.160s] -- Using RMW implementation 'rmw_fastrtps_cpp' as default
[1.229s] -- Found example_interfaces: 0.12.0 (/opt/ros/jazzy/share/example_interfaces/cmake)
[1.278s] -- Found ament_lint_auto: 0.17.3 (/opt/ros/jazzy/share/ament_lint_auto/cmake)
[1.365s] -- Added test 'copyright' to check source files copyright and LICENSE
[1.368s] -- Added test 'cppcheck' to perform static code analysis on C / C++ code
[1.368s] -- Configured cppcheck include dirs: 
[1.368s] -- Configured cppcheck exclude dirs and/or files: 
[1.372s] -- Added test 'cpplint' to check C / C++ code against the Google style
[1.372s] -- Configured cpplint exclude dirs and/or files: 
[1.373s] -- Added test 'lint_cmake' to check CMake code style
[1.377s] -- Added test 'uncrustify' to check C / C++ code style
[1.377s] -- Configured uncrustify additional arguments: 
[1.378s] -- Added test 'xmllint' to check XML markup files
[1.379s] -- Configuring done (1.3s)
[1.386s] -- Generating done (0.0s)
[1.389s] -- Build files have been written to: /home/pravin-raj/assignment-ros2-c-service-server-Pravin-raj-03/build/ros2_service_server
[1.396s] Invoked command in '/home/pravin-raj/assignment-ros2-c-service-server-Pravin-raj-03/build/ros2_service_server' returned '0': CMAKE_PREFIX_PATH=${CMAKE_PREFIX_PATH}:/opt/ros/jazzy DEBUGINFOD_URLS=https://debuginfod.ubuntu.com /usr/bin/cmake /home/pravin-raj/assignment-ros2-c-service-server-Pravin-raj-03 -DCMAKE_INSTALL_PREFIX=/home/pravin-raj/assignment-ros2-c-service-server-Pravin-raj-03/install/ros2_service_server
[1.398s] Invoking command in '/home/pravin-raj/assignment-ros2-c-service-server-Pravin-raj-03/build/ros2_service_server': CMAKE_PREFIX_PATH=${CMAKE_PREFIX_PATH}:/opt/ros/jazzy DEBUGINFOD_URLS=https://debuginfod.ubuntu.com /usr/bin/cmake --build /home/pravin-raj/assignment-ros2-c-service-server-Pravin-raj-03/build/ros2_service_server -- -j20 -l20
[1.454s] [ 50%] [32mBuilding CXX object CMakeFiles/add_two_ints_server.dir/src/add_two_ints_server.cpp.o[0m
[3.814s] [100%] [32m[1mLinking CXX executable add_two_ints_server[0m
[3.942s] [100%] Built target add_two_ints_server
[3.952s] Invoked command in '/home/pravin-raj/assignment-ros2-c-service-server-Pravin-raj-03/build/ros2_service_server' returned '0': CMAKE_PREFIX_PATH=${CMAKE_PREFIX_PATH}:/opt/ros/jazzy DEBUGINFOD_URLS=https://debuginfod.ubuntu.com /usr/bin/cmake --build /home/pravin-raj/assignment-ros2-c-service-server-Pravin-raj-03/build/ros2_service_server -- -j20 -l20
[3.965s] Invoking command in '/home/pravin-raj/assignment-ros2-c-service-server-Pravin-raj-03/build/ros2_service_server': CMAKE_PREFIX_PATH=${CMAKE_PREFIX_PATH}:/opt/ros/jazzy DEBUGINFOD_URLS=https://debuginfod.ubuntu.com /usr/bin/cmake --install /home/pravin-raj/assignment-ros2-c-service-server-Pravin-raj-03/build/ros2_service_server
[3.973s] -- Install configuration: ""
[3.973s] -- Installing: /home/pravin-raj/assignment-ros2-c-service-server-Pravin-raj-03/install/ros2_service_server/lib/ros2_service_server/add_two_ints_server
[3.974s] -- Set non-toolchain portion of runtime path of "/home/pravin-raj/assignment-ros2-c-service-server-Pravin-raj-03/install/ros2_service_server/lib/ros2_service_server/add_two_ints_server" to ""
[3.975s] -- Installing: /home/pravin-raj/assignment-ros2-c-service-server-Pravin-raj-03/install/ros2_service_server/share/ament_index/resource_index/package_run_dependencies/ros2_service_server
[3.975s] -- Installing: /home/pravin-raj/assignment-ros2-c-service-server-Pravin-raj-03/install/ros2_service_server/share/ament_index/resource_index/parent_prefix_path/ros2_service_server
[3.975s] -- Installing: /home/pravin-raj/assignment-ros2-c-service-server-Pravin-raj-03/install/ros2_service_server/share/ros2_service_server/environment/ament_prefix_path.sh
[3.975s] -- Installing: /home/pravin-raj/assignment-ros2-c-service-server-Pravin-raj-03/install/ros2_service_server/share/ros2_service_server/environment/ament_prefix_path.dsv
[3.975s] -- Installing: /home/pravin-raj/assignment-ros2-c-service-server-Pravin-raj-03/install/ros2_service_server/share/ros2_service_server/environment/path.sh
[3.975s] -- Installing: /home/pravin-raj/assignment-ros2-c-service-server-Pravin-raj-03/install/ros2_service_server/share/ros2_service_server/environment/path.dsv
[3.975s] -- Installing: /home/pravin-raj/assignment-ros2-c-service-server-Pravin-raj-03/install/ros2_service_server/share/ros2_service_server/local_setup.bash
[3.975s] -- Installing: /home/pravin-raj/assignment-ros2-c-service-server-Pravin-raj-03/install/ros2_service_server/share/ros2_service_server/local_setup.sh
[3.975s] -- Installing: /home/pravin-raj/assignment-ros2-c-service-server-Pravin-raj-03/install/ros2_service_server/share/ros2_service_server/local_setup.zsh
[3.976s] -- Installing: /home/pravin-raj/assignment-ros2-c-service-server-Pravin-raj-03/install/ros2_service_server/share/ros2_service_server/local_setup.dsv
[3.976s] -- Installing: /home/pravin-raj/assignment-ros2-c-service-server-Pravin-raj-03/install/ros2_service_server/share/ros2_service_server/package.dsv
[3.976s] -- Installing: /home/pravin-raj/assignment-ros2-c-service-server-Pravin-raj-03/install/ros2_service_server/share/ament_index/resource_index/packages/ros2_service_server
[3.976s] -- Installing: /home/pravin-raj/assignment-ros2-c-service-server-Pravin-raj-03/install/ros2_service_server/share/ros2_service_server/cmake/ros2_service_serverConfig.cmake
[3.976s] -- Installing: /home/pravin-raj/assignment-ros2-c-service-server-Pravin-raj-03/install/ros2_service_server/share/ros2_service_server/cmake/ros2_service_serverConfig-version.cmake
[3.976s] -- Installing: /home/pravin-raj/assignment-ros2-c-service-server-Pravin-raj-03/install/ros2_service_server/share/ros2_service_server/package.xml
[3.978s] Invoked command in '/home/pravin-raj/assignment-ros2-c-service-server-Pravin-raj-03/build/ros2_service_server' returned '0': CMAKE_PREFIX_PATH=${CMAKE_PREFIX_PATH}:/opt/ros/jazzy DEBUGINFOD_URLS=https://debuginfod.ubuntu.com /usr/bin/cmake --install /home/pravin-raj/assignment-ros2-c-service-server-Pravin-raj-03/build/ros2_service_server
